Removed Pin From Net: NetName=GND Pin=C1-2
Removed Pin From Net: NetName=GND Pin=C2-2
Removed Pin From Net: NetName=GND Pin=C3-1
Removed Pin From Net: NetName=GND Pin=J4-2
Removed Pin From Net: NetName=GND Pin=J4-3
Removed Pin From Net: NetName=GND Pin=R2-1
Removed Pin From Net: NetName=GND Pin=R4-1
Removed Pin From Net: NetName=GND Pin=R6-1
Removed Pin From Net: NetName=GND Pin=R8-1
Removed Pin From Net: NetName=GND Pin=R10-1
Removed Pin From Net: NetName=GND Pin=R12-1
Removed Pin From Net: NetName=GND Pin=R14-1
Removed Pin From Net: NetName=GND Pin=U1-3
Removed Pin From Net: NetName=GND Pin=U2-4
Removed Pin From Net: NetName=GND Pin=U2-5
Removed Pin From Net: NetName=GND Pin=U2-12
Removed Pin From Net: NetName=GND Pin=U2-13
Added Pin To Net: NetName=NetJ1_2 Pin=C1-2
Added Pin To Net: NetName=NetJ1_2 Pin=C2-2
Added Pin To Net: NetName=NetJ1_2 Pin=C3-1
Added Pin To Net: NetName=NetJ1_2 Pin=J4-2
Added Pin To Net: NetName=NetJ1_2 Pin=J4-3
Added Pin To Net: NetName=NetJ1_2 Pin=R2-1
Added Pin To Net: NetName=NetJ1_2 Pin=R4-1
Added Pin To Net: NetName=NetJ1_2 Pin=R6-1
Added Pin To Net: NetName=NetJ1_2 Pin=R8-1
Added Pin To Net: NetName=NetJ1_2 Pin=R10-1
Added Pin To Net: NetName=NetJ1_2 Pin=R12-1
Added Pin To Net: NetName=NetJ1_2 Pin=R14-1
Added Pin To Net: NetName=NetJ1_2 Pin=U1-3
Added Pin To Net: NetName=NetJ1_2 Pin=U2-4
Added Pin To Net: NetName=NetJ1_2 Pin=U2-5
Added Pin To Net: NetName=NetJ1_2 Pin=U2-12
Added Pin To Net: NetName=NetJ1_2 Pin=U2-13
Change Net Name : Old Net Name=GND New Net Name=VCC5V
Change Net Name : Old Net Name=NetJ1_2 New Net Name=GND
Added Room: Name=Sampling
